<?xml version="1.0" encoding="UTF-8"?>
<testsuites name="jest tests" tests="7" failures="0" errors="0" time="13.345">
  <testsuite name="Project Controller Tests" errors="0" failures="0" skipped="0" timestamp="2025-05-05T20:24:42" time="13.189" tests="7">
    <testcase classname="Project Controller Tests should create a new project" name="Project Controller Tests should create a new project" time="0.511">
    </testcase>
    <testcase classname="Project Controller Tests should fail to create a project with missing required fields" name="Project Controller Tests should fail to create a project with missing required fields" time="0.191">
    </testcase>
    <testcase classname="Project Controller Tests should fetch all projects" name="Project Controller Tests should fetch all projects" time="0.396">
    </testcase>
    <testcase classname="Project Controller Tests should fetch a project by ID" name="Project Controller Tests should fetch a project by ID" time="0.349">
    </testcase>
    <testcase classname="Project Controller Tests should update a project" name="Project Controller Tests should update a project" time="0.429">
    </testcase>
    <testcase classname="Project Controller Tests should fail to update projectManager" name="Project Controller Tests should fail to update projectManager" time="0.377">
    </testcase>
    <testcase classname="Project Controller Tests should delete a project" name="Project Controller Tests should delete a project" time="0.401">
    </testcase>
  </testsuite>
</testsuites>