<?xml version="1.0" encoding="UTF-8"?>
<testsuites name="jest tests" tests="4" failures="0" errors="0" time="13.334">
  <testsuite name="ActivityLog Controller Tests" errors="0" failures="0" skipped="0" timestamp="2025-05-05T23:16:07" time="13.158" tests="4">
    <testcase classname="ActivityLog Controller Tests should fetch all activity logs for Admin" name="ActivityLog Controller Tests should fetch all activity logs for Admin" time="0.104">
    </testcase>
    <testcase classname="ActivityLog Controller Tests should fetch relevant activity logs for Project Manager" name="ActivityLog Controller Tests should fetch relevant activity logs for Project Manager" time="1.202">
    </testcase>
    <testcase classname="ActivityLog Controller Tests should fail when userId is not provided" name="ActivityLog Controller Tests should fail when userId is not provided" time="0.026">
    </testcase>
    <testcase classname="ActivityLog Controller Tests should fail when userId is invalid" name="ActivityLog Controller Tests should fail when userId is invalid" time="0.055">
    </testcase>
  </testsuite>
</testsuites>